Determining if the pthread_create exist failed with the following output:
Change Dir: /home/luish/Schoolz/SD/Project/pclImplementations/DylansCodeAlsoYeh/CMakeFiles/CMakeTmp

Run Build Command:"/usr/bin/make" "cmTC_3dc67/fast"
/usr/bin/make -f CMakeFiles/cmTC_3dc67.dir/build.make CMakeFiles/cmTC_3dc67.dir/build
make[1]: Entering directory '/home/luish/Schoolz/SD/Project/pclImplementations/DylansCodeAlsoYeh/CMakeFiles/CMakeTmp'
Building C object CMakeFiles/cmTC_3dc67.dir/CheckSymbolExists.c.o
/usr/bin/cc    -o CMakeFiles/cmTC_3dc67.dir/CheckSymbolExists.c.o   -c /home/luish/Schoolz/SD/Project/pclImplementations/DylansCodeAlsoYeh/CMakeFiles/CMakeTmp/CheckSymbolExists.c
Linking C executable cmTC_3dc67
/usr/local/bin/cmake -E cmake_link_script CMakeFiles/cmTC_3dc67.dir/link.txt --verbose=1
/usr/bin/cc      -rdynamic CMakeFiles/cmTC_3dc67.dir/CheckSymbolExists.c.o  -o cmTC_3dc67 
CMakeFiles/cmTC_3dc67.dir/CheckSymbolExists.c.o: In function `main':
CheckSymbolExists.c:(.text+0x16): undefined reference to `pthread_create'
collect2: error: ld returned 1 exit status
CMakeFiles/cmTC_3dc67.dir/build.make:97: recipe for target 'cmTC_3dc67' failed
make[1]: *** [cmTC_3dc67] Error 1
make[1]: Leaving directory '/home/luish/Schoolz/SD/Project/pclImplementations/DylansCodeAlsoYeh/CMakeFiles/CMakeTmp'
Makefile:126: recipe for target 'cmTC_3dc67/fast' failed
make: *** [cmTC_3dc67/fast] Error 2

File /home/luish/Schoolz/SD/Project/pclImplementations/DylansCodeAlsoYeh/CMakeFiles/CMakeTmp/CheckSymbolExists.c:
/* */
#include <pthread.h>

int main(int argc, char** argv)
{
  (void)argv;
#ifndef pthread_create
  return ((int*)(&pthread_create))[argc];
#else
  (void)argc;
  return 0;
#endif
}

Determining if the function pthread_create exists in the pthreads failed with the following output:
Change Dir: /home/luish/Schoolz/SD/Project/pclImplementations/DylansCodeAlsoYeh/CMakeFiles/CMakeTmp

Run Build Command:"/usr/bin/make" "cmTC_001be/fast"
/usr/bin/make -f CMakeFiles/cmTC_001be.dir/build.make CMakeFiles/cmTC_001be.dir/build
make[1]: Entering directory '/home/luish/Schoolz/SD/Project/pclImplementations/DylansCodeAlsoYeh/CMakeFiles/CMakeTmp'
Building C object CMakeFiles/cmTC_001be.dir/CheckFunctionExists.c.o
/usr/bin/cc   -DCHECK_FUNCTION_EXISTS=pthread_create   -o CMakeFiles/cmTC_001be.dir/CheckFunctionExists.c.o   -c /usr/local/share/cmake-3.10/Modules/CheckFunctionExists.c
Linking C executable cmTC_001be
/usr/local/bin/cmake -E cmake_link_script CMakeFiles/cmTC_001be.dir/link.txt --verbose=1
/usr/bin/cc  -DCHECK_FUNCTION_EXISTS=pthread_create    -rdynamic CMakeFiles/cmTC_001be.dir/CheckFunctionExists.c.o  -o cmTC_001be -lpthreads 
/usr/bin/ld: cannot find -lpthreads
collect2: error: ld returned 1 exit status
CMakeFiles/cmTC_001be.dir/build.make:97: recipe for target 'cmTC_001be' failed
make[1]: *** [cmTC_001be] Error 1
make[1]: Leaving directory '/home/luish/Schoolz/SD/Project/pclImplementations/DylansCodeAlsoYeh/CMakeFiles/CMakeTmp'
Makefile:126: recipe for target 'cmTC_001be/fast' failed
make: *** [cmTC_001be/fast] Error 2


