Determining if the pthread_create exist failed with the following output:
Change Dir: /home/luish/Schoolz/SD/Project/pclImplementations/pointStuff/CMakeFiles/CMakeTmp

Run Build Command:"/usr/bin/make" "cmTC_817d7/fast"
/usr/bin/make -f CMakeFiles/cmTC_817d7.dir/build.make CMakeFiles/cmTC_817d7.dir/build
make[1]: Entering directory '/home/luish/Schoolz/SD/Project/pclImplementations/pointStuff/CMakeFiles/CMakeTmp'
Building C object CMakeFiles/cmTC_817d7.dir/CheckSymbolExists.c.o
/usr/bin/cc    -o CMakeFiles/cmTC_817d7.dir/CheckSymbolExists.c.o   -c /home/luish/Schoolz/SD/Project/pclImplementations/pointStuff/CMakeFiles/CMakeTmp/CheckSymbolExists.c
Linking C executable cmTC_817d7
/usr/local/bin/cmake -E cmake_link_script CMakeFiles/cmTC_817d7.dir/link.txt --verbose=1
/usr/bin/cc      -rdynamic CMakeFiles/cmTC_817d7.dir/CheckSymbolExists.c.o  -o cmTC_817d7 
CMakeFiles/cmTC_817d7.dir/CheckSymbolExists.c.o: In function `main':
CheckSymbolExists.c:(.text+0x16): undefined reference to `pthread_create'
collect2: error: ld returned 1 exit status
CMakeFiles/cmTC_817d7.dir/build.make:97: recipe for target 'cmTC_817d7' failed
make[1]: *** [cmTC_817d7] Error 1
make[1]: Leaving directory '/home/luish/Schoolz/SD/Project/pclImplementations/pointStuff/CMakeFiles/CMakeTmp'
Makefile:126: recipe for target 'cmTC_817d7/fast' failed
make: *** [cmTC_817d7/fast] Error 2

File /home/luish/Schoolz/SD/Project/pclImplementations/pointStuff/CMakeFiles/CMakeTmp/CheckSymbolExists.c:
/* */
#include <pthread.h>

int main(int argc, char** argv)
{
  (void)argv;
#ifndef pthread_create
  return ((int*)(&pthread_create))[argc];
#else
  (void)argc;
  return 0;
#endif
}

Determining if the function pthread_create exists in the pthreads failed with the following output:
Change Dir: /home/luish/Schoolz/SD/Project/pclImplementations/pointStuff/CMakeFiles/CMakeTmp

Run Build Command:"/usr/bin/make" "cmTC_5d1d2/fast"
/usr/bin/make -f CMakeFiles/cmTC_5d1d2.dir/build.make CMakeFiles/cmTC_5d1d2.dir/build
make[1]: Entering directory '/home/luish/Schoolz/SD/Project/pclImplementations/pointStuff/CMakeFiles/CMakeTmp'
Building C object CMakeFiles/cmTC_5d1d2.dir/CheckFunctionExists.c.o
/usr/bin/cc   -DCHECK_FUNCTION_EXISTS=pthread_create   -o CMakeFiles/cmTC_5d1d2.dir/CheckFunctionExists.c.o   -c /usr/local/share/cmake-3.10/Modules/CheckFunctionExists.c
Linking C executable cmTC_5d1d2
/usr/local/bin/cmake -E cmake_link_script CMakeFiles/cmTC_5d1d2.dir/link.txt --verbose=1
/usr/bin/cc  -DCHECK_FUNCTION_EXISTS=pthread_create    -rdynamic CMakeFiles/cmTC_5d1d2.dir/CheckFunctionExists.c.o  -o cmTC_5d1d2 -lpthreads 
/usr/bin/ld: cannot find -lpthreads
collect2: error: ld returned 1 exit status
CMakeFiles/cmTC_5d1d2.dir/build.make:97: recipe for target 'cmTC_5d1d2' failed
make[1]: *** [cmTC_5d1d2] Error 1
make[1]: Leaving directory '/home/luish/Schoolz/SD/Project/pclImplementations/pointStuff/CMakeFiles/CMakeTmp'
Makefile:126: recipe for target 'cmTC_5d1d2/fast' failed
make: *** [cmTC_5d1d2/fast] Error 2


